Created by PLY version 3.9 (http://www.dabeaz.com/ply)

Grammar

Rule 0     S' -> e
Rule 1     e -> LP e RP
Rule 2     e -> ID
Rule 3     e -> LP e RP PLUS LP e RP
Rule 4     e -> LP e RP MINUS LP e RP
Rule 5     e -> LP e RP MUL LP e RP
Rule 6     e -> LP e RP DIV LP e RP
Rule 7     e -> LP e RP POW LP e RP
Rule 8     e -> e SC NUMBER
Rule 9     e -> NUMBER

Terminals, with rules where they appear

DIV                  : 6
ID                   : 2
LP                   : 1 3 3 4 4 5 5 6 6 7 7
MINUS                : 4
MUL                  : 5
NUMBER               : 8 9
PLUS                 : 3
POW                  : 7
RP                   : 1 3 3 4 4 5 5 6 6 7 7
SC                   : 8
error                : 

Nonterminals, with rules where they appear

e                    : 1 3 3 4 4 5 5 6 6 7 7 8 0

Parsing method: LALR

state 0

    (0) S' -> . e
    (1) e -> . LP e RP
    (2) e -> . ID
    (3) e -> . LP e RP PLUS LP e RP
    (4) e -> . LP e RP MINUS LP e RP
    (5) e -> . LP e RP MUL LP e RP
    (6) e -> . LP e RP DIV LP e RP
    (7) e -> . LP e RP POW LP e RP
    (8) e -> . e SC NUMBER
    (9) e -> . NUMBER

    LP              shift and go to state 3
    ID              shift and go to state 2
    NUMBER          shift and go to state 1

    e                              shift and go to state 4

state 1

    (9) e -> NUMBER .

    RP              reduce using rule 9 (e -> NUMBER .)
    SC              reduce using rule 9 (e -> NUMBER .)
    $end            reduce using rule 9 (e -> NUMBER .)


state 2

    (2) e -> ID .

    RP              reduce using rule 2 (e -> ID .)
    SC              reduce using rule 2 (e -> ID .)
    $end            reduce using rule 2 (e -> ID .)


state 3

    (1) e -> LP . e RP
    (3) e -> LP . e RP PLUS LP e RP
    (4) e -> LP . e RP MINUS LP e RP
    (5) e -> LP . e RP MUL LP e RP
    (6) e -> LP . e RP DIV LP e RP
    (7) e -> LP . e RP POW LP e RP
    (1) e -> . LP e RP
    (2) e -> . ID
    (3) e -> . LP e RP PLUS LP e RP
    (4) e -> . LP e RP MINUS LP e RP
    (5) e -> . LP e RP MUL LP e RP
    (6) e -> . LP e RP DIV LP e RP
    (7) e -> . LP e RP POW LP e RP
    (8) e -> . e SC NUMBER
    (9) e -> . NUMBER

    LP              shift and go to state 3
    ID              shift and go to state 2
    NUMBER          shift and go to state 1

    e                              shift and go to state 5

state 4

    (0) S' -> e .
    (8) e -> e . SC NUMBER

    SC              shift and go to state 6


state 5

    (1) e -> LP e . RP
    (3) e -> LP e . RP PLUS LP e RP
    (4) e -> LP e . RP MINUS LP e RP
    (5) e -> LP e . RP MUL LP e RP
    (6) e -> LP e . RP DIV LP e RP
    (7) e -> LP e . RP POW LP e RP
    (8) e -> e . SC NUMBER

    RP              shift and go to state 7
    SC              shift and go to state 6


state 6

    (8) e -> e SC . NUMBER

    NUMBER          shift and go to state 8


state 7

    (1) e -> LP e RP .
    (3) e -> LP e RP . PLUS LP e RP
    (4) e -> LP e RP . MINUS LP e RP
    (5) e -> LP e RP . MUL LP e RP
    (6) e -> LP e RP . DIV LP e RP
    (7) e -> LP e RP . POW LP e RP

    RP              reduce using rule 1 (e -> LP e RP .)
    SC              reduce using rule 1 (e -> LP e RP .)
    $end            reduce using rule 1 (e -> LP e RP .)
    PLUS            shift and go to state 11
    MINUS           shift and go to state 10
    MUL             shift and go to state 12
    DIV             shift and go to state 13
    POW             shift and go to state 9


state 8

    (8) e -> e SC NUMBER .

    RP              reduce using rule 8 (e -> e SC NUMBER .)
    SC              reduce using rule 8 (e -> e SC NUMBER .)
    $end            reduce using rule 8 (e -> e SC NUMBER .)


state 9

    (7) e -> LP e RP POW . LP e RP

    LP              shift and go to state 14


state 10

    (4) e -> LP e RP MINUS . LP e RP

    LP              shift and go to state 15


state 11

    (3) e -> LP e RP PLUS . LP e RP

    LP              shift and go to state 16


state 12

    (5) e -> LP e RP MUL . LP e RP

    LP              shift and go to state 17


state 13

    (6) e -> LP e RP DIV . LP e RP

    LP              shift and go to state 18


state 14

    (7) e -> LP e RP POW LP . e RP
    (1) e -> . LP e RP
    (2) e -> . ID
    (3) e -> . LP e RP PLUS LP e RP
    (4) e -> . LP e RP MINUS LP e RP
    (5) e -> . LP e RP MUL LP e RP
    (6) e -> . LP e RP DIV LP e RP
    (7) e -> . LP e RP POW LP e RP
    (8) e -> . e SC NUMBER
    (9) e -> . NUMBER

    LP              shift and go to state 3
    ID              shift and go to state 2
    NUMBER          shift and go to state 1

    e                              shift and go to state 19

state 15

    (4) e -> LP e RP MINUS LP . e RP
    (1) e -> . LP e RP
    (2) e -> . ID
    (3) e -> . LP e RP PLUS LP e RP
    (4) e -> . LP e RP MINUS LP e RP
    (5) e -> . LP e RP MUL LP e RP
    (6) e -> . LP e RP DIV LP e RP
    (7) e -> . LP e RP POW LP e RP
    (8) e -> . e SC NUMBER
    (9) e -> . NUMBER

    LP              shift and go to state 3
    ID              shift and go to state 2
    NUMBER          shift and go to state 1

    e                              shift and go to state 20

state 16

    (3) e -> LP e RP PLUS LP . e RP
    (1) e -> . LP e RP
    (2) e -> . ID
    (3) e -> . LP e RP PLUS LP e RP
    (4) e -> . LP e RP MINUS LP e RP
    (5) e -> . LP e RP MUL LP e RP
    (6) e -> . LP e RP DIV LP e RP
    (7) e -> . LP e RP POW LP e RP
    (8) e -> . e SC NUMBER
    (9) e -> . NUMBER

    LP              shift and go to state 3
    ID              shift and go to state 2
    NUMBER          shift and go to state 1

    e                              shift and go to state 21

state 17

    (5) e -> LP e RP MUL LP . e RP
    (1) e -> . LP e RP
    (2) e -> . ID
    (3) e -> . LP e RP PLUS LP e RP
    (4) e -> . LP e RP MINUS LP e RP
    (5) e -> . LP e RP MUL LP e RP
    (6) e -> . LP e RP DIV LP e RP
    (7) e -> . LP e RP POW LP e RP
    (8) e -> . e SC NUMBER
    (9) e -> . NUMBER

    LP              shift and go to state 3
    ID              shift and go to state 2
    NUMBER          shift and go to state 1

    e                              shift and go to state 22

state 18

    (6) e -> LP e RP DIV LP . e RP
    (1) e -> . LP e RP
    (2) e -> . ID
    (3) e -> . LP e RP PLUS LP e RP
    (4) e -> . LP e RP MINUS LP e RP
    (5) e -> . LP e RP MUL LP e RP
    (6) e -> . LP e RP DIV LP e RP
    (7) e -> . LP e RP POW LP e RP
    (8) e -> . e SC NUMBER
    (9) e -> . NUMBER

    LP              shift and go to state 3
    ID              shift and go to state 2
    NUMBER          shift and go to state 1

    e                              shift and go to state 23

state 19

    (7) e -> LP e RP POW LP e . RP
    (8) e -> e . SC NUMBER

    RP              shift and go to state 24
    SC              shift and go to state 6


state 20

    (4) e -> LP e RP MINUS LP e . RP
    (8) e -> e . SC NUMBER

    RP              shift and go to state 25
    SC              shift and go to state 6


state 21

    (3) e -> LP e RP PLUS LP e . RP
    (8) e -> e . SC NUMBER

    RP              shift and go to state 26
    SC              shift and go to state 6


state 22

    (5) e -> LP e RP MUL LP e . RP
    (8) e -> e . SC NUMBER

    RP              shift and go to state 27
    SC              shift and go to state 6


state 23

    (6) e -> LP e RP DIV LP e . RP
    (8) e -> e . SC NUMBER

    RP              shift and go to state 28
    SC              shift and go to state 6


state 24

    (7) e -> LP e RP POW LP e RP .

    RP              reduce using rule 7 (e -> LP e RP POW LP e RP .)
    SC              reduce using rule 7 (e -> LP e RP POW LP e RP .)
    $end            reduce using rule 7 (e -> LP e RP POW LP e RP .)


state 25

    (4) e -> LP e RP MINUS LP e RP .

    RP              reduce using rule 4 (e -> LP e RP MINUS LP e RP .)
    SC              reduce using rule 4 (e -> LP e RP MINUS LP e RP .)
    $end            reduce using rule 4 (e -> LP e RP MINUS LP e RP .)


state 26

    (3) e -> LP e RP PLUS LP e RP .

    RP              reduce using rule 3 (e -> LP e RP PLUS LP e RP .)
    SC              reduce using rule 3 (e -> LP e RP PLUS LP e RP .)
    $end            reduce using rule 3 (e -> LP e RP PLUS LP e RP .)


state 27

    (5) e -> LP e RP MUL LP e RP .

    RP              reduce using rule 5 (e -> LP e RP MUL LP e RP .)
    SC              reduce using rule 5 (e -> LP e RP MUL LP e RP .)
    $end            reduce using rule 5 (e -> LP e RP MUL LP e RP .)


state 28

    (6) e -> LP e RP DIV LP e RP .

    RP              reduce using rule 6 (e -> LP e RP DIV LP e RP .)
    SC              reduce using rule 6 (e -> LP e RP DIV LP e RP .)
    $end            reduce using rule 6 (e -> LP e RP DIV LP e RP .)

