Created by PLY version 3.9 (http://www.dabeaz.com/ply)

Grammar

Rule 0     S' -> e
Rule 1     e -> LP e RP
Rule 2     e -> COMPLEX
Rule 3     e -> IMAG
Rule 4     e -> LP e RP POW LP NUMBER RP
Rule 5     e -> LP e RP DIV LP e RP
Rule 6     e -> LP e RP MUL LP e RP
Rule 7     e -> LP e RP PLUS LP e RP
Rule 8     e -> LP e RP MINUS LP e RP
Rule 9     e -> NUMBER

Terminals, with rules where they appear

COMPLEX              : 2
DIV                  : 5
IMAG                 : 3
LP                   : 1 4 4 5 5 6 6 7 7 8 8
MINUS                : 8
MUL                  : 6
NUMBER               : 4 9
PLUS                 : 7
POW                  : 4
RP                   : 1 4 4 5 5 6 6 7 7 8 8
error                : 

Nonterminals, with rules where they appear

e                    : 1 4 5 5 6 6 7 7 8 8 0

Parsing method: LALR

state 0

    (0) S' -> . e
    (1) e -> . LP e RP
    (2) e -> . COMPLEX
    (3) e -> . IMAG
    (4) e -> . LP e RP POW LP NUMBER RP
    (5) e -> . LP e RP DIV LP e RP
    (6) e -> . LP e RP MUL LP e RP
    (7) e -> . LP e RP PLUS LP e RP
    (8) e -> . LP e RP MINUS LP e RP
    (9) e -> . NUMBER

    LP              shift and go to state 4
    COMPLEX         shift and go to state 3
    IMAG            shift and go to state 1
    NUMBER          shift and go to state 2

    e                              shift and go to state 5

state 1

    (3) e -> IMAG .

    RP              reduce using rule 3 (e -> IMAG .)
    $end            reduce using rule 3 (e -> IMAG .)


state 2

    (9) e -> NUMBER .

    RP              reduce using rule 9 (e -> NUMBER .)
    $end            reduce using rule 9 (e -> NUMBER .)


state 3

    (2) e -> COMPLEX .

    RP              reduce using rule 2 (e -> COMPLEX .)
    $end            reduce using rule 2 (e -> COMPLEX .)


state 4

    (1) e -> LP . e RP
    (4) e -> LP . e RP POW LP NUMBER RP
    (5) e -> LP . e RP DIV LP e RP
    (6) e -> LP . e RP MUL LP e RP
    (7) e -> LP . e RP PLUS LP e RP
    (8) e -> LP . e RP MINUS LP e RP
    (1) e -> . LP e RP
    (2) e -> . COMPLEX
    (3) e -> . IMAG
    (4) e -> . LP e RP POW LP NUMBER RP
    (5) e -> . LP e RP DIV LP e RP
    (6) e -> . LP e RP MUL LP e RP
    (7) e -> . LP e RP PLUS LP e RP
    (8) e -> . LP e RP MINUS LP e RP
    (9) e -> . NUMBER

    LP              shift and go to state 4
    COMPLEX         shift and go to state 3
    IMAG            shift and go to state 1
    NUMBER          shift and go to state 2

    e                              shift and go to state 6

state 5

    (0) S' -> e .



state 6

    (1) e -> LP e . RP
    (4) e -> LP e . RP POW LP NUMBER RP
    (5) e -> LP e . RP DIV LP e RP
    (6) e -> LP e . RP MUL LP e RP
    (7) e -> LP e . RP PLUS LP e RP
    (8) e -> LP e . RP MINUS LP e RP

    RP              shift and go to state 7


state 7

    (1) e -> LP e RP .
    (4) e -> LP e RP . POW LP NUMBER RP
    (5) e -> LP e RP . DIV LP e RP
    (6) e -> LP e RP . MUL LP e RP
    (7) e -> LP e RP . PLUS LP e RP
    (8) e -> LP e RP . MINUS LP e RP

    RP              reduce using rule 1 (e -> LP e RP .)
    $end            reduce using rule 1 (e -> LP e RP .)
    POW             shift and go to state 8
    DIV             shift and go to state 11
    MUL             shift and go to state 10
    PLUS            shift and go to state 9
    MINUS           shift and go to state 12


state 8

    (4) e -> LP e RP POW . LP NUMBER RP

    LP              shift and go to state 13


state 9

    (7) e -> LP e RP PLUS . LP e RP

    LP              shift and go to state 14


state 10

    (6) e -> LP e RP MUL . LP e RP

    LP              shift and go to state 15


state 11

    (5) e -> LP e RP DIV . LP e RP

    LP              shift and go to state 16


state 12

    (8) e -> LP e RP MINUS . LP e RP

    LP              shift and go to state 17


state 13

    (4) e -> LP e RP POW LP . NUMBER RP

    NUMBER          shift and go to state 18


state 14

    (7) e -> LP e RP PLUS LP . e RP
    (1) e -> . LP e RP
    (2) e -> . COMPLEX
    (3) e -> . IMAG
    (4) e -> . LP e RP POW LP NUMBER RP
    (5) e -> . LP e RP DIV LP e RP
    (6) e -> . LP e RP MUL LP e RP
    (7) e -> . LP e RP PLUS LP e RP
    (8) e -> . LP e RP MINUS LP e RP
    (9) e -> . NUMBER

    LP              shift and go to state 4
    COMPLEX         shift and go to state 3
    IMAG            shift and go to state 1
    NUMBER          shift and go to state 2

    e                              shift and go to state 19

state 15

    (6) e -> LP e RP MUL LP . e RP
    (1) e -> . LP e RP
    (2) e -> . COMPLEX
    (3) e -> . IMAG
    (4) e -> . LP e RP POW LP NUMBER RP
    (5) e -> . LP e RP DIV LP e RP
    (6) e -> . LP e RP MUL LP e RP
    (7) e -> . LP e RP PLUS LP e RP
    (8) e -> . LP e RP MINUS LP e RP
    (9) e -> . NUMBER

    LP              shift and go to state 4
    COMPLEX         shift and go to state 3
    IMAG            shift and go to state 1
    NUMBER          shift and go to state 2

    e                              shift and go to state 20

state 16

    (5) e -> LP e RP DIV LP . e RP
    (1) e -> . LP e RP
    (2) e -> . COMPLEX
    (3) e -> . IMAG
    (4) e -> . LP e RP POW LP NUMBER RP
    (5) e -> . LP e RP DIV LP e RP
    (6) e -> . LP e RP MUL LP e RP
    (7) e -> . LP e RP PLUS LP e RP
    (8) e -> . LP e RP MINUS LP e RP
    (9) e -> . NUMBER

    LP              shift and go to state 4
    COMPLEX         shift and go to state 3
    IMAG            shift and go to state 1
    NUMBER          shift and go to state 2

    e                              shift and go to state 21

state 17

    (8) e -> LP e RP MINUS LP . e RP
    (1) e -> . LP e RP
    (2) e -> . COMPLEX
    (3) e -> . IMAG
    (4) e -> . LP e RP POW LP NUMBER RP
    (5) e -> . LP e RP DIV LP e RP
    (6) e -> . LP e RP MUL LP e RP
    (7) e -> . LP e RP PLUS LP e RP
    (8) e -> . LP e RP MINUS LP e RP
    (9) e -> . NUMBER

    LP              shift and go to state 4
    COMPLEX         shift and go to state 3
    IMAG            shift and go to state 1
    NUMBER          shift and go to state 2

    e                              shift and go to state 22

state 18

    (4) e -> LP e RP POW LP NUMBER . RP

    RP              shift and go to state 23


state 19

    (7) e -> LP e RP PLUS LP e . RP

    RP              shift and go to state 24


state 20

    (6) e -> LP e RP MUL LP e . RP

    RP              shift and go to state 25


state 21

    (5) e -> LP e RP DIV LP e . RP

    RP              shift and go to state 26


state 22

    (8) e -> LP e RP MINUS LP e . RP

    RP              shift and go to state 27


state 23

    (4) e -> LP e RP POW LP NUMBER RP .

    RP              reduce using rule 4 (e -> LP e RP POW LP NUMBER RP .)
    $end            reduce using rule 4 (e -> LP e RP POW LP NUMBER RP .)


state 24

    (7) e -> LP e RP PLUS LP e RP .

    RP              reduce using rule 7 (e -> LP e RP PLUS LP e RP .)
    $end            reduce using rule 7 (e -> LP e RP PLUS LP e RP .)


state 25

    (6) e -> LP e RP MUL LP e RP .

    RP              reduce using rule 6 (e -> LP e RP MUL LP e RP .)
    $end            reduce using rule 6 (e -> LP e RP MUL LP e RP .)


state 26

    (5) e -> LP e RP DIV LP e RP .

    RP              reduce using rule 5 (e -> LP e RP DIV LP e RP .)
    $end            reduce using rule 5 (e -> LP e RP DIV LP e RP .)


state 27

    (8) e -> LP e RP MINUS LP e RP .

    RP              reduce using rule 8 (e -> LP e RP MINUS LP e RP .)
    $end            reduce using rule 8 (e -> LP e RP MINUS LP e RP .)

